<?xml version="1.0" encoding="UTF-8"?>
<!-- Generated by org.testng.reporters.JUnitReportReporter -->
<testsuite hostname="DESKTOP-HL4FU21" failures="0" tests="1" name="Junebatch2023.loginvalidation" time="16.505" errors="0" timestamp="2023-08-31T08:26:01 IST" skipped="0">
  <testcase classname="Junebatch2023.loginvalidation" name="Errorvalidation" time="16.505"/>
  <system-out/>
</testsuite> <!-- Junebatch2023.loginvalidation -->
