<?xml version="1.0" encoding="UTF-8"?>
<!-- Generated by org.testng.reporters.JUnitReportReporter -->
<testsuite hostname="DESKTOP-HL4FU21" failures="0" tests="2" name="Junebatch2023.Errorvalidationtest" time="27.207" errors="0" timestamp="2023-09-11T07:56:43 IST" skipped="0">
  <testcase classname="Junebatch2023.Errorvalidationtest" name="Errorvalidation" time="12.843"/>
  <system-out/>
  <testcase classname="Junebatch2023.Errorvalidationtest" name="Verifyproduct" time="14.364"/>
  <system-out/>
</testsuite> <!-- Junebatch2023.Errorvalidationtest -->
