<?xml version="1.0" encoding="UTF-8"?>
<!-- Generated by org.testng.reporters.JUnitReportReporter -->
<testsuite hostname="DESKTOP-HL4FU21" failures="0" tests="2" name="Cucumber.TestNGTestRunner" time="45.875" errors="0" timestamp="2023-09-27T08:41:39 IST" skipped="0">
  <testcase classname="Cucumber.TestNGTestRunner" name="runScenario" time="24.752"/>
  <system-out/>
  <testcase classname="Cucumber.TestNGTestRunner" name="runScenario" time="21.123"/>
  <system-out/>
</testsuite> <!-- Cucumber.TestNGTestRunner -->
